Arguments: 
  /Users/underdog/.nvm/versions/node/v9.2.0/bin/node /Users/underdog/.nvm/versions/node/v9.2.0/bin/yarn add orbit-db-docstor

PATH: 
  /Users/underdog/.nvm/versions/node/v9.2.0/bin:/Users/underdog/go/bin:/usr/local/bin:/usr/local/sbin:/usr/local/bin:/usr/bin:/bin:/usr/sbin:/sbin:/Users/underdog/go/bin:/usr/local/sbin

Yarn version: 
  1.9.4

Node version: 
  9.2.0

Platform: 
  darwin x64

Trace: 
  Error: https://registry.yarnpkg.com/orbit-db-docstor: Not found
      at Request.params.callback [as _callback] (/Users/underdog/.nvm/versions/node/v9.2.0/lib/node_modules/yarn/lib/cli.js:64202:18)
      at Request.self.callback (/Users/underdog/.nvm/versions/node/v9.2.0/lib/node_modules/yarn/lib/cli.js:137468:22)
      at Request.emit (events.js:159:13)
      at Request.<anonymous> (/Users/underdog/.nvm/versions/node/v9.2.0/lib/node_modules/yarn/lib/cli.js:138440:10)
      at Request.emit (events.js:159:13)
      at IncomingMessage.<anonymous> (/Users/underdog/.nvm/versions/node/v9.2.0/lib/node_modules/yarn/lib/cli.js:138362:12)
      at Object.onceWrapper (events.js:254:19)
      at IncomingMessage.emit (events.js:164:20)
      at endReadableNT (_stream_readable.js:1054:12)
      at _combinedTickCallback (internal/process/next_tick.js:138:11)

npm manifest: 
  {
    "name": "weekly-token-race-store",
    "version": "0.1.0",
    "description": "Weekly Token Race OrbitDB Store Server",
    "main": "index.js",
    "scripts": {
      "test": "test",
      "start": "node index.js"
    },
    "repository": {
      "type": "git",
      "url": "git+https://github.com/magiceddy/Weekly-Token-Race-Store.git"
    },
    "keywords": [
      "OrbitDB",
      "Hapi"
    ],
    "author": "Rinaldo Rossi",
    "license": "MIT",
    "bugs": {
      "url": "https://github.com/magiceddy/Weekly-Token-Race-Store/issues"
    },
    "homepage": "https://github.com/magiceddy/Weekly-Token-Race-Store#readme",
    "dependencies": {
      "hapi": "^17.5.4",
      "ipfs-api": "^24.0.1",
      "orbit-db": "^0.19.9"
    }
  }

yarn manifest: 
  No manifest

Lockfile: 
  # THIS IS AN AUTOGENERATED FILE. DO NOT EDIT THIS FILE DIRECTLY.
  # yarn lockfile v1
  
  
  "@sindresorhus/is@^0.7.0":
    version "0.7.0"
    resolved "https://registry.yarnpkg.com/@sindresorhus/is/-/is-0.7.0.tgz#9a06f4f137ee84d7df0460c1fdb1135ffa6c50fd"
  
  abstract-leveldown@~4.0.0:
    version "4.0.3"
    resolved "https://registry.yarnpkg.com/abstract-leveldown/-/abstract-leveldown-4.0.3.tgz#cb636f4965fbe117f5c8b76a7d51dd42aaed0580"
    dependencies:
      xtend "~4.0.0"
  
  abstract-leveldown@~5.0.0:
    version "5.0.0"
    resolved "https://registry.yarnpkg.com/abstract-leveldown/-/abstract-leveldown-5.0.0.tgz#f7128e1f86ccabf7d2893077ce5d06d798e386c6"
    dependencies:
      xtend "~4.0.0"
  
  accept@3.x.x:
    version "3.0.2"
    resolved "https://registry.yarnpkg.com/accept/-/accept-3.0.2.tgz#83e41cec7e1149f3fd474880423873db6c6cc9ac"
    dependencies:
      boom "7.x.x"
      hoek "5.x.x"
  
  ammo@3.x.x:
    version "3.0.1"
    resolved "https://registry.yarnpkg.com/ammo/-/ammo-3.0.1.tgz#c79ceeac36fb4e55085ea3fe0c2f42bfa5f7c914"
    dependencies:
      hoek "5.x.x"
  
  ansi-regex@^2.0.0:
    version "2.1.1"
    resolved "https://registry.yarnpkg.com/ansi-regex/-/ansi-regex-2.1.1.tgz#c3b33ab5ee360d86e0e628f0468ae7ef27d654df"
  
  ansi-regex@^3.0.0:
    version "3.0.0"
    resolved "https://registry.yarnpkg.com/ansi-regex/-/ansi-regex-3.0.0.tgz#ed0317c322064f79466c02966bddb605ab37d998"
  
  aproba@^1.0.3:
    version "1.2.0"
    resolved "https://registry.yarnpkg.com/aproba/-/aproba-1.2.0.tgz#6802e6264efd18c790a1b0d517f0f2627bf2c94a"
  
  are-we-there-yet@~1.1.2:
    version "1.1.5"
    resolved "https://registry.yarnpkg.com/are-we-there-yet/-/are-we-there-yet-1.1.5.tgz#4b35c2944f062a8bfcda66410760350fe9ddfc21"
    dependencies:
      delegates "^1.0.0"
      readable-stream "^2.0.6"
  
  asn1.js@1.0.3:
    version "1.0.3"
    resolved "https://registry.yarnpkg.com/asn1.js/-/asn1.js-1.0.3.tgz#281ba3ec1f2448fe765f92a4eecf883fe1364b54"
    dependencies:
      inherits "^2.0.1"
      minimalistic-assert "^1.0.0"
    optionalDependencies:
      bn.js "^1.0.0"
  
  asn1.js@^5.0.0:
    version "5.0.1"
    resolved "https://registry.yarnpkg.com/asn1.js/-/asn1.js-5.0.1.tgz#7668b56416953f0ce3421adbb3893ace59c96f59"
    dependencies:
      bn.js "^4.0.0"
      inherits "^2.0.1"
      minimalistic-assert "^1.0.0"
  
  async@^2.5.0, async@^2.6.0, async@^2.6.1:
    version "2.6.1"
    resolved "https://registry.yarnpkg.com/async/-/async-2.6.1.tgz#b245a23ca71930044ec53fa46aa00a3e87c6a610"
    dependencies:
      lodash "^4.17.10"
  
  b64@4.x.x:
    version "4.0.0"
    resolved "https://registry.yarnpkg.com/b64/-/b64-4.0.0.tgz#c37f587f0a383c7019e821120e8c3f58f0d22772"
  
  balanced-match@^1.0.0:
    version "1.0.0"
    resolved "https://registry.yarnpkg.com/balanced-match/-/balanced-match-1.0.0.tgz#89b4d199ab2bee49de164ea02b89ce462d71b767"
  
  base-x@3.0.4, base-x@^3.0.2:
    version "3.0.4"
    resolved "https://registry.yarnpkg.com/base-x/-/base-x-3.0.4.tgz#94c1788736da065edb1d68808869e357c977fa77"
    dependencies:
      safe-buffer "^5.0.1"
  
  big-time@2.x.x:
    version "2.0.1"
    resolved "https://registry.yarnpkg.com/big-time/-/big-time-2.0.1.tgz#68c7df8dc30f97e953f25a67a76ac9713c16c9de"
  
  big.js@^5.1.2:
    version "5.1.2"
    resolved "https://registry.yarnpkg.com/big.js/-/big.js-5.1.2.tgz#946c634f3efd9c8dcd98f953e96a5f389dac3fec"
  
  bignumber.js@^6.0.0:
    version "6.0.0"
    resolved "https://registry.yarnpkg.com/bignumber.js/-/bignumber.js-6.0.0.tgz#bbfa047644609a5af093e9cbd83b0461fa3f6002"
  
  bindings@^1.2.1, bindings@~1.3.0:
    version "1.3.0"
    resolved "https://registry.yarnpkg.com/bindings/-/bindings-1.3.0.tgz#b346f6ecf6a95f5a815c5839fc7cdb22502f1ed7"
  
  bip66@^1.1.3:
    version "1.1.5"
    resolved "https://registry.yarnpkg.com/bip66/-/bip66-1.1.5.tgz#01fa8748785ca70955d5011217d1b3139969ca22"
    dependencies:
      safe-buffer "^5.0.1"
  
  bl@^1.0.0:
    version "1.2.2"
    resolved "https://registry.yarnpkg.com/bl/-/bl-1.2.2.tgz#a160911717103c07410cef63ef51b397c025af9c"
    dependencies:
      readable-stream "^2.3.5"
      safe-buffer "^5.1.1"
  
  blakejs@^1.1.0:
    version "1.1.0"
    resolved "https://registry.yarnpkg.com/blakejs/-/blakejs-1.1.0.tgz#69df92ef953aa88ca51a32df6ab1c54a155fc7a5"
  
  bn.js@^1.0.0:
    version "1.3.0"
    resolved "https://registry.yarnpkg.com/bn.js/-/bn.js-1.3.0.tgz#0db4cbf96f8f23b742f5bcb9d1aa7a9994a05e83"
  
  bn.js@^4.0.0, bn.js@^4.11.3, bn.js@^4.4.0:
    version "4.11.8"
    resolved "https://registry.yarnpkg.com/bn.js/-/bn.js-4.11.8.tgz#2cde09eb5ee341f484746bb0309b3253b1b1442f"
  
  boom@7.x.x:
    version "7.2.0"
    resolved "https://registry.yarnpkg.com/boom/-/boom-7.2.0.tgz#2bff24a55565767fde869ec808317eb10c48e966"
    dependencies:
      hoek "5.x.x"
  
  borc@^2.0.2:
    version "2.0.3"
    resolved "https://registry.yarnpkg.com/borc/-/borc-2.0.3.tgz#08845ea73a6d3211120928ee3929f8dc2de9f52e"
    dependencies:
      bignumber.js "^6.0.0"
      commander "^2.15.0"
      ieee754 "^1.1.8"
      json-text-sequence "^0.1"
  
  bounce@1.x.x:
    version "1.2.0"
    resolved "https://registry.yarnpkg.com/bounce/-/bounce-1.2.0.tgz#e3bac68c73fd256e38096551efc09f504873c8c8"
    dependencies:
      boom "7.x.x"
      hoek "5.x.x"
  
  brace-expansion@^1.1.7:
    version "1.1.11"
    resolved "https://registry.yarnpkg.com/brace-expansion/-/brace-expansion-1.1.11.tgz#3c7fcbf529d87226f3d2f52b966ff5271eb441dd"
    dependencies:
      balanced-match "^1.0.0"
      concat-map "0.0.1"
  
  brorand@^1.0.1:
    version "1.1.0"
    resolved "https://registry.yarnpkg.com/brorand/-/brorand-1.1.0.tgz#12c25efe40a45e3c323eb8675a0a0ce57b22371f"
  
  browserify-aes@^1.0.6, browserify-aes@^1.1.1, browserify-aes@^1.2.0:
    version "1.2.0"
    resolved "https://registry.yarnpkg.com/browserify-aes/-/browserify-aes-1.2.0.tgz#326734642f403dabc3003209853bb70ad428ef48"
    dependencies:
      buffer-xor "^1.0.3"
      cipher-base "^1.0.0"
      create-hash "^1.1.0"
      evp_bytestokey "^1.0.3"
      inherits "^2.0.1"
      safe-buffer "^5.0.1"
  
  bs58@4.0.1, bs58@^4.0.1:
    version "4.0.1"
    resolved "https://registry.yarnpkg.com/bs58/-/bs58-4.0.1.tgz#be161e76c354f6f788ae4071f63f34e8c4f0a42a"
    dependencies:
      base-x "^3.0.2"
  
  buffer-alloc-unsafe@^1.1.0:
    version "1.1.0"
    resolved "https://registry.yarnpkg.com/buffer-alloc-unsafe/-/buffer-alloc-unsafe-1.1.0.tgz#bd7dc26ae2972d0eda253be061dba992349c19f0"
  
  buffer-alloc@^1.1.0:
    version "1.2.0"
    resolved "https://registry.yarnpkg.com/buffer-alloc/-/buffer-alloc-1.2.0.tgz#890dd90d923a873e08e10e5fd51a57e5b7cce0ec"
    dependencies:
      buffer-alloc-unsafe "^1.1.0"
      buffer-fill "^1.0.0"
  
  buffer-fill@^1.0.0:
    version "1.0.0"
    resolved "https://registry.yarnpkg.com/buffer-fill/-/buffer-fill-1.0.0.tgz#f8f78b76789888ef39f205cd637f68e702122b2c"
  
  buffer-from@^1.0.0:
    version "1.1.1"
    resolved "https://registry.yarnpkg.com/buffer-from/-/buffer-from-1.1.1.tgz#32713bc028f75c02fdb710d7c7bcec1f2c6070ef"
  
  buffer-loader@~0.0.1:
    version "0.0.1"
    resolved "https://registry.yarnpkg.com/buffer-loader/-/buffer-loader-0.0.1.tgz#4d677ca92dd889310878b02a2fbcfab712024cf2"
  
  buffer-xor@^1.0.3:
    version "1.0.3"
    resolved "https://registry.yarnpkg.com/buffer-xor/-/buffer-xor-1.0.3.tgz#26e61ed1422fb70dd42e6e36729ed51d855fe8d9"
  
  builtin-status-codes@^3.0.0:
    version "3.0.0"
    resolved "https://registry.yarnpkg.com/builtin-status-codes/-/builtin-status-codes-3.0.0.tgz#85982878e21b98e1c66425e03d0174788f569ee8"
  
  call@5.x.x:
    version "5.0.1"
    resolved "https://registry.yarnpkg.com/call/-/call-5.0.1.tgz#ac1b5c106d9edc2a17af2a4a4f74dd4f0c06e910"
    dependencies:
      boom "7.x.x"
      hoek "5.x.x"
  
  catbox-memory@3.x.x:
    version "3.1.2"
    resolved "https://registry.yarnpkg.com/catbox-memory/-/catbox-memory-3.1.2.tgz#4aeec1bc994419c0f7e60087f172aaedd9b4911c"
    dependencies:
      big-time "2.x.x"
      boom "7.x.x"
      hoek "5.x.x"
  
  catbox@10.x.x:
    version "10.0.2"
    resolved "https://registry.yarnpkg.com/catbox/-/catbox-10.0.2.tgz#e6ac1f35102d1a9bd07915b82e508d12b50a8bfa"
    dependencies:
      boom "7.x.x"
      bounce "1.x.x"
      hoek "5.x.x"
      joi "13.x.x"
  
  chownr@^1.0.1:
    version "1.0.1"
    resolved "https://registry.yarnpkg.com/chownr/-/chownr-1.0.1.tgz#e2a75042a9551908bebd25b8523d5f9769d79181"
  
  cids@0.5.3, cids@^0.5.3, cids@~0.5.2, cids@~0.5.3:
    version "0.5.3"
    resolved "https://registry.yarnpkg.com/cids/-/cids-0.5.3.tgz#9a25b697eb76faf807afcec35c4ab936edfbd0a4"
    dependencies:
      multibase "~0.4.0"
      multicodec "~0.2.6"
      multihashes "~0.4.13"
  
  cipher-base@^1.0.0, cipher-base@^1.0.1, cipher-base@^1.0.3:
    version "1.0.4"
    resolved "https://registry.yarnpkg.com/cipher-base/-/cipher-base-1.0.4.tgz#8760e4ecc272f4c363532f926d874aae2c1397de"
    dependencies:
      inherits "^2.0.1"
      safe-buffer "^5.0.1"
  
  class-is@^1.1.0:
    version "1.1.0"
    resolved "https://registry.yarnpkg.com/class-is/-/class-is-1.1.0.tgz#9d3c0fba0440d211d843cec3dedfa48055005825"
  
  code-point-at@^1.0.0:
    version "1.1.0"
    resolved "https://registry.yarnpkg.com/code-point-at/-/code-point-at-1.1.0.tgz#0d070b4d043a5bea33a2f1a40e2edb3d9a4ccf77"
  
  commander@^2.15.0:
    version "2.17.1"
    resolved "https://registry.yarnpkg.com/commander/-/commander-2.17.1.tgz#bd77ab7de6de94205ceacc72f1716d29f20a77bf"
  
  concat-map@0.0.1:
    version "0.0.1"
    resolved "https://registry.yarnpkg.com/concat-map/-/concat-map-0.0.1.tgz#d8a96bd77fd68df7793a73036a3ba0d5405d477b"
  
  concat-stream@^1.6.2:
    version "1.6.2"
    resolved "https://registry.yarnpkg.com/concat-stream/-/concat-stream-1.6.2.tgz#904bdf194cd3122fc675c77fc4ac3d4ff0fd1a34"
    dependencies:
      buffer-from "^1.0.0"
      inherits "^2.0.3"
      readable-stream "^2.2.2"
      typedarray "^0.0.6"
  
  console-control-strings@^1.0.0, console-control-strings@~1.1.0:
    version "1.1.0"
    resolved "https://registry.yarnpkg.com/console-control-strings/-/console-control-strings-1.1.0.tgz#3d7cf4464db6446ea644bf4b39507f9851008e8e"
  
  content@4.x.x:
    version "4.0.5"
    resolved "https://registry.yarnpkg.com/content/-/content-4.0.5.tgz#bc547deabc889ab69bce17faf3585c29f4c41bf2"
    dependencies:
      boom "7.x.x"
  
  core-util-is@~1.0.0:
    version "1.0.2"
    resolved "https://registry.yarnpkg.com/core-util-is/-/core-util-is-1.0.2.tgz#b5fd54220aa2bc5ab57aab7140c940754503c1a7"
  
  crdts@~0.1.2:
    version "0.1.5"
    resolved "https://registry.yarnpkg.com/crdts/-/crdts-0.1.5.tgz#89413e8adfc3ab943300a890ee6392db5ba60c06"
  
  create-hash@^1.1.0, create-hash@^1.1.2:
    version "1.2.0"
    resolved "https://registry.yarnpkg.com/create-hash/-/create-hash-1.2.0.tgz#889078af11a63756bcfb59bd221996be3a9ef196"
    dependencies:
      cipher-base "^1.0.1"
      inherits "^2.0.1"
      md5.js "^1.3.4"
      ripemd160 "^2.0.1"
      sha.js "^2.4.0"
  
  create-hmac@^1.1.4:
    version "1.1.7"
    resolved "https://registry.yarnpkg.com/create-hmac/-/create-hmac-1.1.7.tgz#69170c78b3ab957147b2b8b04572e47ead2243ff"
    dependencies:
      cipher-base "^1.0.3"
      create-hash "^1.1.0"
      inherits "^2.0.1"
      ripemd160 "^2.0.0"
      safe-buffer "^5.0.1"
      sha.js "^2.4.8"
  
  cryptiles@4.x.x:
    version "4.1.2"
    resolved "https://registry.yarnpkg.com/cryptiles/-/cryptiles-4.1.2.tgz#363c9ab5c859da9d2d6fb901b64d980966181184"
    dependencies:
      boom "7.x.x"
  
  debug@^3.1.0:
    version "3.1.0"
    resolved "https://registry.yarnpkg.com/debug/-/debug-3.1.0.tgz#5bb5a0672628b64149566ba16819e61518c67261"
    dependencies:
      ms "2.0.0"
  
  decompress-response@^3.3.0:
    version "3.3.0"
    resolved "https://registry.yarnpkg.com/decompress-response/-/decompress-response-3.3.0.tgz#80a4dd323748384bfa248083622aedec982adff3"
    dependencies:
      mimic-response "^1.0.0"
  
  deep-extend@^0.6.0:
    version "0.6.0"
    resolved "https://registry.yarnpkg.com/deep-extend/-/deep-extend-0.6.0.tgz#c4fa7c95404a17a9c3e8ca7e1537312b736330ac"
  
  delegates@^1.0.0:
    version "1.0.0"
    resolved "https://registry.yarnpkg.com/delegates/-/delegates-1.0.0.tgz#84c6e159b81904fdca59a0ef44cd870d31250f9a"
  
  delimit-stream@0.1.0:
    version "0.1.0"
    resolved "https://registry.yarnpkg.com/delimit-stream/-/delimit-stream-0.1.0.tgz#9b8319477c0e5f8aeb3ce357ae305fc25ea1cd2b"
  
  detect-libc@^1.0.3:
    version "1.0.3"
    resolved "https://registry.yarnpkg.com/detect-libc/-/detect-libc-1.0.3.tgz#fa137c4bd698edf55cd5cd02ac559f91a4c4ba9b"
  
  detect-node@^2.0.3:
    version "2.0.3"
    resolved "https://registry.yarnpkg.com/detect-node/-/detect-node-2.0.3.tgz#a2033c09cc8e158d37748fbde7507832bd6ce127"
  
  drbg.js@^1.0.1:
    version "1.0.1"
    resolved "https://registry.yarnpkg.com/drbg.js/-/drbg.js-1.0.1.tgz#3e36b6c42b37043823cdbc332d58f31e2445480b"
    dependencies:
      browserify-aes "^1.0.6"
      create-hash "^1.1.2"
      create-hmac "^1.1.4"
  
  elliptic@^6.2.3, elliptic@^6.4.0:
    version "6.4.1"
    resolved "https://registry.yarnpkg.com/elliptic/-/elliptic-6.4.1.tgz#c2d0b7776911b86722c632c3c06c60f2f819939a"
    dependencies:
      bn.js "^4.4.0"
      brorand "^1.0.1"
      hash.js "^1.0.0"
      hmac-drbg "^1.0.0"
      inherits "^2.0.1"
      minimalistic-assert "^1.0.0"
      minimalistic-crypto-utils "^1.0.0"
  
  end-of-stream@^1.0.0, end-of-stream@^1.1.0:
    version "1.4.1"
    resolved "https://registry.yarnpkg.com/end-of-stream/-/end-of-stream-1.4.1.tgz#ed29634d19baba463b6ce6b80a37213eab71ec43"
    dependencies:
      once "^1.4.0"
  
  evp_bytestokey@^1.0.3:
    version "1.0.3"
    resolved "https://registry.yarnpkg.com/evp_bytestokey/-/evp_bytestokey-1.0.3.tgz#7fcbdb198dc71959432efe13842684e0525acb02"
    dependencies:
      md5.js "^1.3.4"
      safe-buffer "^5.1.1"
  
  expand-template@^1.0.2:
    version "1.1.1"
    resolved "https://registry.yarnpkg.com/expand-template/-/expand-template-1.1.1.tgz#981f188c0c3a87d2e28f559bc541426ff94f21dd"
  
  fast-future@~1.0.2:
    version "1.0.2"
    resolved "https://registry.yarnpkg.com/fast-future/-/fast-future-1.0.2.tgz#8435a9aaa02d79248d17d704e76259301d99280a"
  
  flatmap@0.0.3:
    version "0.0.3"
    resolved "https://registry.yarnpkg.com/flatmap/-/flatmap-0.0.3.tgz#1f18a4d938152d495965f9c958d923ab2dd669b4"
  
  fs-constants@^1.0.0:
    version "1.0.0"
    resolved "https://registry.yarnpkg.com/fs-constants/-/fs-constants-1.0.0.tgz#6be0de9be998ce16af8afc24497b9ee9b7ccd9ad"
  
  fs.realpath@^1.0.0:
    version "1.0.0"
    resolved "https://registry.yarnpkg.com/fs.realpath/-/fs.realpath-1.0.0.tgz#1504ad2523158caa40db4a2787cb01411994ea4f"
  
  gauge@~2.7.3:
    version "2.7.4"
    resolved "https://registry.yarnpkg.com/gauge/-/gauge-2.7.4.tgz#2c03405c7538c39d7eb37b317022e325fb018bf7"
    dependencies:
      aproba "^1.0.3"
      console-control-strings "^1.0.0"
      has-unicode "^2.0.0"
      object-assign "^4.1.0"
      signal-exit "^3.0.0"
      string-width "^1.0.1"
      strip-ansi "^3.0.1"
      wide-align "^1.1.0"
  
  github-from-package@0.0.0:
    version "0.0.0"
    resolved "https://registry.yarnpkg.com/github-from-package/-/github-from-package-0.0.0.tgz#97fb5d96bfde8973313f20e8288ef9a167fa64ce"
  
  glob@^7.1.2:
    version "7.1.3"
    resolved "https://registry.yarnpkg.com/glob/-/glob-7.1.3.tgz#3960832d3f1574108342dafd3a67b332c0969df1"
    dependencies:
      fs.realpath "^1.0.0"
      inflight "^1.0.4"
      inherits "2"
      minimatch "^3.0.4"
      once "^1.3.0"
      path-is-absolute "^1.0.0"
  
  graceful-fs@^4.1.11:
    version "4.1.11"
    resolved "https://registry.yarnpkg.com/graceful-fs/-/graceful-fs-4.1.11.tgz#0e8bdfe4d1ddb8854d64e04ea7c00e2a026e5658"
  
  hapi@^17.5.4:
    version "17.5.4"
    resolved "https://registry.yarnpkg.com/hapi/-/hapi-17.5.4.tgz#f3c1070f9ee398d9c6ad8ebc5abf180f13914f3c"
    dependencies:
      accept "3.x.x"
      ammo "3.x.x"
      boom "7.x.x"
      bounce "1.x.x"
      call "5.x.x"
      catbox "10.x.x"
      catbox-memory "3.x.x"
      heavy "6.x.x"
      hoek "5.x.x"
      joi "13.x.x"
      mimos "4.x.x"
      podium "3.x.x"
      shot "4.x.x"
      statehood "6.x.x"
      subtext "6.x.x"
      teamwork "3.x.x"
      topo "3.x.x"
  
  has-unicode@^2.0.0:
    version "2.0.1"
    resolved "https://registry.yarnpkg.com/has-unicode/-/has-unicode-2.0.1.tgz#e0e6fe6a28cf51138855e086d1691e771de2a8b9"
  
  hash-base@^3.0.0:
    version "3.0.4"
    resolved "https://registry.yarnpkg.com/hash-base/-/hash-base-3.0.4.tgz#5fc8686847ecd73499403319a6b0a3f3f6ae4918"
    dependencies:
      inherits "^2.0.1"
      safe-buffer "^5.0.1"
  
  hash.js@^1.0.0, hash.js@^1.0.3:
    version "1.1.5"
    resolved "https://registry.yarnpkg.com/hash.js/-/hash.js-1.1.5.tgz#e38ab4b85dfb1e0c40fe9265c0e9b54854c23812"
    dependencies:
      inherits "^2.0.3"
      minimalistic-assert "^1.0.1"
  
  heavy@6.x.x:
    version "6.1.0"
    resolved "https://registry.yarnpkg.com/heavy/-/heavy-6.1.0.tgz#1bbfa43dc61dd4b543ede3ff87db8306b7967274"
    dependencies:
      boom "7.x.x"
      hoek "5.x.x"
      joi "13.x.x"
  
  hmac-drbg@^1.0.0:
    version "1.0.1"
    resolved "https://registry.yarnpkg.com/hmac-drbg/-/hmac-drbg-1.0.1.tgz#d2745701025a6c775a6c545793ed502fc0c649a1"
    dependencies:
      hash.js "^1.0.3"
      minimalistic-assert "^1.0.0"
      minimalistic-crypto-utils "^1.0.1"
  
  hoek@5.x.x:
    version "5.0.4"
    resolved "https://registry.yarnpkg.com/hoek/-/hoek-5.0.4.tgz#0f7fa270a1cafeb364a4b2ddfaa33f864e4157da"
  
  ieee754@^1.1.8:
    version "1.1.12"
    resolved "https://registry.yarnpkg.com/ieee754/-/ieee754-1.1.12.tgz#50bf24e5b9c8bb98af4964c941cdb0918da7b60b"
  
  immediate@~3.2.3:
    version "3.2.3"
    resolved "https://registry.yarnpkg.com/immediate/-/immediate-3.2.3.tgz#d140fa8f614659bd6541233097ddaac25cdd991c"
  
  imurmurhash@^0.1.4:
    version "0.1.4"
    resolved "https://registry.yarnpkg.com/imurmurhash/-/imurmurhash-0.1.4.tgz#9218b9b2b928a238b13dc4fb6b6d576f231453ea"
  
  inflight@^1.0.4:
    version "1.0.6"
    resolved "https://registry.yarnpkg.com/inflight/-/inflight-1.0.6.tgz#49bd6331d7d02d0c09bc910a1075ba8165b56df9"
    dependencies:
      once "^1.3.0"
      wrappy "1"
  
  inherits@2, inherits@^2.0.1, inherits@^2.0.3, inherits@~2.0.3:
    version "2.0.3"
    resolved "https://registry.yarnpkg.com/inherits/-/inherits-2.0.3.tgz#633c2c83e3da42a502f52466022480f4208261de"
  
  ini@~1.3.0:
    version "1.3.5"
    resolved "https://registry.yarnpkg.com/ini/-/ini-1.3.5.tgz#eee25f56db1c9ec6085e0c22778083f596abf927"
  
  ip-address@^5.8.9:
    version "5.8.9"
    resolved "https://registry.yarnpkg.com/ip-address/-/ip-address-5.8.9.tgz#6379277c23fc5adb20511e4d23ec2c1bde105dfd"
    dependencies:
      jsbn "1.1.0"
      lodash.find "^4.6.0"
      lodash.max "^4.0.1"
      lodash.merge "^4.6.0"
      lodash.padstart "^4.6.1"
      lodash.repeat "^4.1.0"
      sprintf-js "1.1.0"
  
  ip@^1.1.5:
    version "1.1.5"
    resolved "https://registry.yarnpkg.com/ip/-/ip-1.1.5.tgz#bdded70114290828c0a039e72ef25f5aaec4354a"
  
  ipfs-api@^24.0.1:
    version "24.0.1"
    resolved "https://registry.yarnpkg.com/ipfs-api/-/ipfs-api-24.0.1.tgz#887a870cdf55550b93028181cd808adba20aa49b"
    dependencies:
      async "^2.6.1"
      big.js "^5.1.2"
      bs58 "^4.0.1"
      cids "~0.5.3"
      concat-stream "^1.6.2"
      debug "^3.1.0"
      detect-node "^2.0.3"
      flatmap "0.0.3"
      glob "^7.1.2"
      ipfs-block "~0.7.1"
      ipfs-unixfs "~0.1.15"
      ipld-dag-cbor "~0.12.1"
      ipld-dag-pb "~0.14.6"
      is-ipfs "~0.4.2"
      is-pull-stream "0.0.0"
      is-stream "^1.1.0"
      libp2p-crypto "~0.13.0"
      lru-cache "^4.1.3"
      multiaddr "^5.0.0"
      multibase "~0.4.0"
      multihashes "~0.4.13"
      ndjson "^1.5.0"
      once "^1.4.0"
      peer-id "~0.11.0"
      peer-info "~0.14.1"
      promisify-es6 "^1.0.3"
      pull-defer "~0.2.2"
      pull-pushable "^2.2.0"
      pull-stream-to-stream "^1.3.4"
      pump "^3.0.0"
      qs "^6.5.2"
      readable-stream "^2.3.6"
      stream-http "^2.8.3"
      stream-to-pull-stream "^1.7.2"
      streamifier "~0.1.1"
      tar-stream "^1.6.1"
  
  ipfs-block@~0.7.1:
    version "0.7.1"
    resolved "https://registry.yarnpkg.com/ipfs-block/-/ipfs-block-0.7.1.tgz#f506d6159219e19690d3ab863c039cba293d1e40"
    dependencies:
      cids "^0.5.3"
      class-is "^1.1.0"
  
  ipfs-log@~4.1.0:
    version "4.1.2"
    resolved "https://registry.yarnpkg.com/ipfs-log/-/ipfs-log-4.1.2.tgz#7977cdade11dce3c42e458580918d7b1419fd001"
    dependencies:
      p-map "^1.1.1"
      p-whilst "^1.0.0"
  
  ipfs-pubsub-1on1@~0.0.4:
    version "0.0.4"
    resolved "https://registry.yarnpkg.com/ipfs-pubsub-1on1/-/ipfs-pubsub-1on1-0.0.4.tgz#aee0052f6b85e2d953a8137497471437c6e6dab6"
    dependencies:
      safe-buffer "~5.1.1"
  
  ipfs-pubsub-peer-monitor@~0.0.5:
    version "0.0.8"
    resolved "https://registry.yarnpkg.com/ipfs-pubsub-peer-monitor/-/ipfs-pubsub-peer-monitor-0.0.8.tgz#8972676247e6a7d1901e27dcfe11cbd0aecaa1c6"
    dependencies:
      p-forever "^1.0.1"
  
  ipfs-unixfs@~0.1.15:
    version "0.1.15"
    resolved "https://registry.yarnpkg.com/ipfs-unixfs/-/ipfs-unixfs-0.1.15.tgz#c204da10019daa048eea465ce8f9c6f350ecef00"
    dependencies:
      protons "^1.0.0"
  
  ipld-dag-cbor@~0.12.1:
    version "0.12.1"
    resolved "https://registry.yarnpkg.com/ipld-dag-cbor/-/ipld-dag-cbor-0.12.1.tgz#1f88a9e36f2d842566b4767fc1132667a0ac121e"
    dependencies:
      async "^2.6.0"
      borc "^2.0.2"
      bs58 "^4.0.1"
      cids "~0.5.2"
      is-circular "^1.0.1"
      multihashes "~0.4.12"
      multihashing-async "~0.5.1"
      traverse "~0.6.6"
  
  ipld-dag-pb@~0.14.6:
    version "0.14.8"
    resolved "https://registry.yarnpkg.com/ipld-dag-pb/-/ipld-dag-pb-0.14.8.tgz#6142f8535928d4c8e935cde629f9a53eed0b20f0"
    dependencies:
      async "^2.6.1"
      bs58 "^4.0.1"
      buffer-loader "~0.0.1"
      cids "~0.5.3"
      class-is "^1.1.0"
      is-ipfs "~0.4.2"
      multihashing-async "~0.5.1"
      protons "^1.0.1"
      pull-stream "^3.6.8"
      pull-traverse "^1.0.3"
      stable "~0.1.8"
  
  iron@5.x.x:
    version "5.0.4"
    resolved "https://registry.yarnpkg.com/iron/-/iron-5.0.4.tgz#003ed822f656f07c2b62762815f5de3947326867"
    dependencies:
      boom "7.x.x"
      cryptiles "4.x.x"
      hoek "5.x.x"
  
  is-circular@^1.0.1:
    version "1.0.2"
    resolved "https://registry.yarnpkg.com/is-circular/-/is-circular-1.0.2.tgz#2e0ab4e9835f4c6b0ea2b9855a84acd501b8366c"
  
  is-fullwidth-code-point@^1.0.0:
    version "1.0.0"
    resolved "https://registry.yarnpkg.com/is-fullwidth-code-point/-/is-fullwidth-code-point-1.0.0.tgz#ef9e31386f031a7f0d643af82fde50c457ef00cb"
    dependencies:
      number-is-nan "^1.0.0"
  
  is-fullwidth-code-point@^2.0.0:
    version "2.0.0"
    resolved "https://registry.yarnpkg.com/is-fullwidth-code-point/-/is-fullwidth-code-point-2.0.0.tgz#a3b30a5c4f199183167aaab93beefae3ddfb654f"
  
  is-ipfs@~0.4.2:
    version "0.4.2"
    resolved "https://registry.yarnpkg.com/is-ipfs/-/is-ipfs-0.4.2.tgz#06a858769cbfdac39a3e0ed1ca157e3f3fcc84fc"
    dependencies:
      bs58 "4.0.1"
      cids "0.5.3"
      multibase "0.4.0"
      multihashes "0.4.13"
  
  is-promise@~1, is-promise@~1.0.0:
    version "1.0.1"
    resolved "https://registry.yarnpkg.com/is-promise/-/is-promise-1.0.1.tgz#31573761c057e33c2e91aab9e96da08cefbe76e5"
  
  is-pull-stream@0.0.0:
    version "0.0.0"
    resolved "https://registry.yarnpkg.com/is-pull-stream/-/is-pull-stream-0.0.0.tgz#a3bc3d1c6d3055151c46bde6f399efed21440ca9"
  
  is-stream@^1.1.0:
    version "1.1.0"
    resolved "https://registry.yarnpkg.com/is-stream/-/is-stream-1.1.0.tgz#12d4a3dd4e68e0b79ceb8dbc84173ae80d91ca44"
  
  is-typedarray@^1.0.0:
    version "1.0.0"
    resolved "https://registry.yarnpkg.com/is-typedarray/-/is-typedarray-1.0.0.tgz#e479c80858df0c1b11ddda6940f96011fcda4a9a"
  
  isarray@~1.0.0:
    version "1.0.0"
    resolved "https://registry.yarnpkg.com/isarray/-/isarray-1.0.0.tgz#bb935d48582cba168c06834957a54a3e07124f11"
  
  isemail@3.x.x:
    version "3.1.3"
    resolved "https://registry.yarnpkg.com/isemail/-/isemail-3.1.3.tgz#64f37fc113579ea12523165c3ebe3a71a56ce571"
    dependencies:
      punycode "2.x.x"
  
  joi@13.x.x:
    version "13.6.0"
    resolved "https://registry.yarnpkg.com/joi/-/joi-13.6.0.tgz#877d820e3ad688a49c32421ffefc746bfbe2d0a0"
    dependencies:
      hoek "5.x.x"
      isemail "3.x.x"
      topo "3.x.x"
  
  js-sha3@^0.7.0:
    version "0.7.0"
    resolved "https://registry.yarnpkg.com/js-sha3/-/js-sha3-0.7.0.tgz#0a5c57b36f79882573b2d84051f8bb85dd1bd63a"
  
  jsbn@1.1.0:
    version "1.1.0"
    resolved "https://registry.yarnpkg.com/jsbn/-/jsbn-1.1.0.tgz#b01307cb29b618a1ed26ec79e911f803c4da0040"
  
  json-stringify-safe@^5.0.1:
    version "5.0.1"
    resolved "https://registry.yarnpkg.com/json-stringify-safe/-/json-stringify-safe-5.0.1.tgz#1296a2d58fd45f19a0f6ce01d65701e2c735b6eb"
  
  json-text-sequence@^0.1:
    version "0.1.1"
    resolved "https://registry.yarnpkg.com/json-text-sequence/-/json-text-sequence-0.1.1.tgz#a72f217dc4afc4629fff5feb304dc1bd51a2f3d2"
    dependencies:
      delimit-stream "0.1.0"
  
  keypair@^1.0.1:
    version "1.0.1"
    resolved "https://registry.yarnpkg.com/keypair/-/keypair-1.0.1.tgz#7603719270afb6564ed38a22087a06fc9aa4ea1b"
  
  level-js@~3.0.0:
    version "3.0.0"
    resolved "https://registry.yarnpkg.com/level-js/-/level-js-3.0.0.tgz#e6c066fb529b23eec230849c0751e4f6d548c865"
    dependencies:
      abstract-leveldown "~5.0.0"
      immediate "~3.2.3"
      inherits "^2.0.3"
      ltgt "^2.1.2"
      typedarray-to-buffer "~3.1.5"
  
  leveldown@~3.0.2:
    version "3.0.2"
    resolved "https://registry.yarnpkg.com/leveldown/-/leveldown-3.0.2.tgz#d1fb708991c54c874ca1b0688644a25d926e6302"
    dependencies:
      abstract-leveldown "~4.0.0"
      bindings "~1.3.0"
      fast-future "~1.0.2"
      nan "~2.10.0"
      prebuild-install "^4.0.0"
  
  libp2p-crypto-secp256k1@~0.2.2:
    version "0.2.2"
    resolved "https://registry.yarnpkg.com/libp2p-crypto-secp256k1/-/libp2p-crypto-secp256k1-0.2.2.tgz#0dd521f18abc4e36a152e24e9b36307b0ae9cf05"
    dependencies:
      async "^2.5.0"
      multihashing-async "~0.4.6"
      nodeify "^1.0.1"
      safe-buffer "^5.1.1"
      secp256k1 "^3.3.0"
  
  libp2p-crypto@~0.12.1:
    version "0.12.1"
    resolved "https://registry.yarnpkg.com/libp2p-crypto/-/libp2p-crypto-0.12.1.tgz#4a870d269ba3150dfe014e4f9aea1e55076015c8"
    dependencies:
      asn1.js "^5.0.0"
      async "^2.6.0"
      browserify-aes "^1.1.1"
      bs58 "^4.0.1"
      keypair "^1.0.1"
      libp2p-crypto-secp256k1 "~0.2.2"
      multihashing-async "~0.4.7"
      node-forge "^0.7.1"
      pem-jwk "^1.5.1"
      protons "^1.0.1"
      rsa-pem-to-jwk "^1.1.3"
      tweetnacl "^1.0.0"
      webcrypto-shim "github:dignifiedquire/webcrypto-shim#master"
  
  libp2p-crypto@~0.13.0:
    version "0.13.0"
    resolved "https://registry.yarnpkg.com/libp2p-crypto/-/libp2p-crypto-0.13.0.tgz#25404ea43bf2fd3802780d9ab87b5d2095d86f07"
    dependencies:
      asn1.js "^5.0.0"
      async "^2.6.0"
      browserify-aes "^1.2.0"
      bs58 "^4.0.1"
      keypair "^1.0.1"
      libp2p-crypto-secp256k1 "~0.2.2"
      multihashing-async "~0.4.8"
      node-forge "^0.7.5"
      pem-jwk "^1.5.1"
      protons "^1.0.1"
      rsa-pem-to-jwk "^1.1.3"
      tweetnacl "^1.0.0"
      webcrypto-shim "github:dignifiedquire/webcrypto-shim#master"
  
  lodash.filter@^4.6.0:
    version "4.6.0"
    resolved "https://registry.yarnpkg.com/lodash.filter/-/lodash.filter-4.6.0.tgz#668b1d4981603ae1cc5a6fa760143e480b4c4ace"
  
  lodash.find@^4.6.0:
    version "4.6.0"
    resolved "https://registry.yarnpkg.com/lodash.find/-/lodash.find-4.6.0.tgz#cb0704d47ab71789ffa0de8b97dd926fb88b13b1"
  
  lodash.map@^4.6.0:
    version "4.6.0"
    resolved "https://registry.yarnpkg.com/lodash.map/-/lodash.map-4.6.0.tgz#771ec7839e3473d9c4cde28b19394c3562f4f6d3"
  
  lodash.max@^4.0.1:
    version "4.0.1"
    resolved "https://registry.yarnpkg.com/lodash.max/-/lodash.max-4.0.1.tgz#8735566c618b35a9f760520b487ae79658af136a"
  
  lodash.merge@^4.6.0:
    version "4.6.1"
    resolved "https://registry.yarnpkg.com/lodash.merge/-/lodash.merge-4.6.1.tgz#adc25d9cb99b9391c59624f379fbba60d7111d54"
  
  lodash.padstart@^4.6.1:
    version "4.6.1"
    resolved "https://registry.yarnpkg.com/lodash.padstart/-/lodash.padstart-4.6.1.tgz#d2e3eebff0d9d39ad50f5cbd1b52a7bce6bb611b"
  
  lodash.repeat@^4.1.0:
    version "4.1.0"
    resolved "https://registry.yarnpkg.com/lodash.repeat/-/lodash.repeat-4.1.0.tgz#fc7de8131d8c8ac07e4b49f74ffe829d1f2bec44"
  
  lodash.uniqby@^4.7.0:
    version "4.7.0"
    resolved "https://registry.yarnpkg.com/lodash.uniqby/-/lodash.uniqby-4.7.0.tgz#d99c07a669e9e6d24e1362dfe266c67616af1302"
  
  lodash@^4.17.10, lodash@^4.17.5:
    version "4.17.10"
    resolved "https://registry.yarnpkg.com/lodash/-/lodash-4.17.10.tgz#1b7793cf7259ea38fb3661d4d38b3260af8ae4e7"
  
  logplease@^1.2.14, logplease@~1.2.14:
    version "1.2.15"
    resolved "https://registry.yarnpkg.com/logplease/-/logplease-1.2.15.tgz#3da442e93751a5992cc19010a826b08d0293c48a"
  
  looper@^3.0.0:
    version "3.0.0"
    resolved "https://registry.yarnpkg.com/looper/-/looper-3.0.0.tgz#2efa54c3b1cbaba9b94aee2e5914b0be57fbb749"
  
  lru-cache@^4.1.3:
    version "4.1.3"
    resolved "https://registry.yarnpkg.com/lru-cache/-/lru-cache-4.1.3.tgz#a1175cf3496dfc8436c156c334b4955992bce69c"
    dependencies:
      pseudomap "^1.0.2"
      yallist "^2.1.2"
  
  ltgt@^2.1.2:
    version "2.2.1"
    resolved "https://registry.yarnpkg.com/ltgt/-/ltgt-2.2.1.tgz#f35ca91c493f7b73da0e07495304f17b31f87ee5"
  
  mafmt@^6.0.0:
    version "6.0.1"
    resolved "https://registry.yarnpkg.com/mafmt/-/mafmt-6.0.1.tgz#66100837e87f727339a40f1f24ae67e8b79520ff"
    dependencies:
      multiaddr "^5.0.0"
  
  md5.js@^1.3.4:
    version "1.3.4"
    resolved "https://registry.yarnpkg.com/md5.js/-/md5.js-1.3.4.tgz#e9bdbde94a20a5ac18b04340fc5764d5b09d901d"
    dependencies:
      hash-base "^3.0.0"
      inherits "^2.0.1"
  
  mime-db@1.x.x:
    version "1.36.0"
    resolved "https://registry.yarnpkg.com/mime-db/-/mime-db-1.36.0.tgz#5020478db3c7fe93aad7bbcc4dcf869c43363397"
  
  mimic-response@^1.0.0:
    version "1.0.1"
    resolved "https://registry.yarnpkg.com/mimic-response/-/mimic-response-1.0.1.tgz#4923538878eef42063cb8a3e3b0798781487ab1b"
  
  mimos@4.x.x:
    version "4.0.0"
    resolved "https://registry.yarnpkg.com/mimos/-/mimos-4.0.0.tgz#76e3d27128431cb6482fd15b20475719ad626a5a"
    dependencies:
      hoek "5.x.x"
      mime-db "1.x.x"
  
  minimalistic-assert@^1.0.0, minimalistic-assert@^1.0.1:
    version "1.0.1"
    resolved "https://registry.yarnpkg.com/minimalistic-assert/-/minimalistic-assert-1.0.1.tgz#2e194de044626d4a10e7f7fbc00ce73e83e4d5c7"
  
  minimalistic-crypto-utils@^1.0.0, minimalistic-crypto-utils@^1.0.1:
    version "1.0.1"
    resolved "https://registry.yarnpkg.com/minimalistic-crypto-utils/-/minimalistic-crypto-utils-1.0.1.tgz#f6c00c1c0b082246e5c4d99dfb8c7c083b2b582a"
  
  minimatch@^3.0.4:
    version "3.0.4"
    resolved "https://registry.yarnpkg.com/minimatch/-/minimatch-3.0.4.tgz#5166e286457f03306064be5497e8dbb0c3d32083"
    dependencies:
      brace-expansion "^1.1.7"
  
  minimist@0.0.8:
    version "0.0.8"
    resolved "https://registry.yarnpkg.com/minimist/-/minimist-0.0.8.tgz#857fcabfc3397d2625b8228262e86aa7a011b05d"
  
  minimist@^1.2.0:
    version "1.2.0"
    resolved "https://registry.yarnpkg.com/minimist/-/minimist-1.2.0.tgz#a35008b20f41383eec1fb914f4cd5df79a264284"
  
  mkdirp@^0.5.1:
    version "0.5.1"
    resolved "http://registry.npmjs.org/mkdirp/-/mkdirp-0.5.1.tgz#30057438eac6cf7f8c4767f38648d6697d75c903"
    dependencies:
      minimist "0.0.8"
  
  ms@2.0.0:
    version "2.0.0"
    resolved "https://registry.yarnpkg.com/ms/-/ms-2.0.0.tgz#5608aeadfc00be6c2901df5f9861788de0d597c8"
  
  multiaddr@^4.0.0:
    version "4.0.0"
    resolved "https://registry.yarnpkg.com/multiaddr/-/multiaddr-4.0.0.tgz#70a8857c4f737350bc2c56914a70f1263889db33"
    dependencies:
      bs58 "^4.0.1"
      class-is "^1.1.0"
      ip "^1.1.5"
      ip-address "^5.8.9"
      lodash.filter "^4.6.0"
      lodash.map "^4.6.0"
      varint "^5.0.0"
      xtend "^4.0.1"
  
  multiaddr@^5.0.0:
    version "5.0.0"
    resolved "https://registry.yarnpkg.com/multiaddr/-/multiaddr-5.0.0.tgz#c8d7492d8506de470610f6c1adb82af9a69d6748"
    dependencies:
      bs58 "^4.0.1"
      class-is "^1.1.0"
      ip "^1.1.5"
      ip-address "^5.8.9"
      lodash.filter "^4.6.0"
      lodash.map "^4.6.0"
      varint "^5.0.0"
      xtend "^4.0.1"
  
  multibase@0.4.0, multibase@~0.4.0:
    version "0.4.0"
    resolved "https://registry.yarnpkg.com/multibase/-/multibase-0.4.0.tgz#1bdb62c82de0114f822a1d8751bcbee91cd2efba"
    dependencies:
      base-x "3.0.4"
  
  multicodec@~0.2.6:
    version "0.2.7"
    resolved "https://registry.yarnpkg.com/multicodec/-/multicodec-0.2.7.tgz#44dcb902b7ccd8065c4c348fe9987acf14a0679d"
    dependencies:
      varint "^5.0.0"
  
  multihashes@0.4.13:
    version "0.4.13"
    resolved "https://registry.yarnpkg.com/multihashes/-/multihashes-0.4.13.tgz#d10bd71bd51d24aa894e2a6f1457146bb7bac125"
    dependencies:
      bs58 "^4.0.1"
      varint "^5.0.0"
  
  multihashes@^0.4.12, multihashes@~0.4.12, multihashes@~0.4.13:
    version "0.4.14"
    resolved "https://registry.yarnpkg.com/multihashes/-/multihashes-0.4.14.tgz#774db9a161f81a8a27dc60788f91248e020f5244"
    dependencies:
      bs58 "^4.0.1"
      varint "^5.0.0"
  
  multihashing-async@~0.4.6, multihashing-async@~0.4.7, multihashing-async@~0.4.8:
    version "0.4.8"
    resolved "https://registry.yarnpkg.com/multihashing-async/-/multihashing-async-0.4.8.tgz#41572b25a8fc68eb318b8562409fdd721a727ea1"
    dependencies:
      async "^2.6.0"
      blakejs "^1.1.0"
      js-sha3 "^0.7.0"
      multihashes "~0.4.13"
      murmurhash3js "^3.0.1"
      nodeify "^1.0.1"
  
  multihashing-async@~0.5.1:
    version "0.5.1"
    resolved "https://registry.yarnpkg.com/multihashing-async/-/multihashing-async-0.5.1.tgz#1fc563798f3777b43df0f77a0bf6474192687c0c"
    dependencies:
      async "^2.6.1"
      blakejs "^1.1.0"
      js-sha3 "^0.7.0"
      multihashes "~0.4.13"
      murmurhash3js "^3.0.1"
      nodeify "^1.0.1"
  
  murmurhash3js@^3.0.1:
    version "3.0.1"
    resolved "https://registry.yarnpkg.com/murmurhash3js/-/murmurhash3js-3.0.1.tgz#3e983e5b47c2a06f43a713174e7e435ca044b998"
  
  nan@^2.2.1:
    version "2.11.0"
    resolved "https://registry.yarnpkg.com/nan/-/nan-2.11.0.tgz#574e360e4d954ab16966ec102c0c049fd961a099"
  
  nan@~2.10.0:
    version "2.10.0"
    resolved "https://registry.yarnpkg.com/nan/-/nan-2.10.0.tgz#96d0cd610ebd58d4b4de9cc0c6828cda99c7548f"
  
  ndjson@^1.5.0:
    version "1.5.0"
    resolved "https://registry.yarnpkg.com/ndjson/-/ndjson-1.5.0.tgz#ae603b36b134bcec347b452422b0bf98d5832ec8"
    dependencies:
      json-stringify-safe "^5.0.1"
      minimist "^1.2.0"
      split2 "^2.1.0"
      through2 "^2.0.3"
  
  nigel@3.x.x:
    version "3.0.1"
    resolved "https://registry.yarnpkg.com/nigel/-/nigel-3.0.1.tgz#48a08859d65177312f1c25af7252c1e07bb07c2a"
    dependencies:
      hoek "5.x.x"
      vise "3.x.x"
  
  node-abi@^2.2.0:
    version "2.4.3"
    resolved "https://registry.yarnpkg.com/node-abi/-/node-abi-2.4.3.tgz#43666b7b17e57863e572409edbb82115ac7af28b"
    dependencies:
      semver "^5.4.1"
  
  node-forge@^0.7.1, node-forge@^0.7.5:
    version "0.7.6"
    resolved "https://registry.yarnpkg.com/node-forge/-/node-forge-0.7.6.tgz#fdf3b418aee1f94f0ef642cd63486c77ca9724ac"
  
  node-localstorage@^1.3.0:
    version "1.3.1"
    resolved "https://registry.yarnpkg.com/node-localstorage/-/node-localstorage-1.3.1.tgz#3177ef42837f398aee5dd75e319b281e40704243"
    dependencies:
      write-file-atomic "^1.1.4"
  
  nodeify@^1.0.1:
    version "1.0.1"
    resolved "https://registry.yarnpkg.com/nodeify/-/nodeify-1.0.1.tgz#64ab69a7bdbaf03ce107b4f0335c87c0b9e91b1d"
    dependencies:
      is-promise "~1.0.0"
      promise "~1.3.0"
  
  noop-logger@^0.1.1:
    version "0.1.1"
    resolved "https://registry.yarnpkg.com/noop-logger/-/noop-logger-0.1.1.tgz#94a2b1633c4f1317553007d8966fd0e841b6a4c2"
  
  npmlog@^4.0.1:
    version "4.1.2"
    resolved "https://registry.yarnpkg.com/npmlog/-/npmlog-4.1.2.tgz#08a7f2a8bf734604779a9efa4ad5cc717abb954b"
    dependencies:
      are-we-there-yet "~1.1.2"
      console-control-strings "~1.1.0"
      gauge "~2.7.3"
      set-blocking "~2.0.0"
  
  number-is-nan@^1.0.0:
    version "1.0.1"
    resolved "https://registry.yarnpkg.com/number-is-nan/-/number-is-nan-1.0.1.tgz#097b602b53422a522c1afb8790318336941a011d"
  
  object-assign@^2.0.0:
    version "2.1.1"
    resolved "https://registry.yarnpkg.com/object-assign/-/object-assign-2.1.1.tgz#43c36e5d569ff8e4816c4efa8be02d26967c18aa"
  
  object-assign@^4.1.0:
    version "4.1.1"
    resolved "https://registry.yarnpkg.com/object-assign/-/object-assign-4.1.1.tgz#2109adc7965887cfc05cbbd442cac8bfbb360863"
  
  once@^1.3.0, once@^1.3.1, once@^1.4.0:
    version "1.4.0"
    resolved "https://registry.yarnpkg.com/once/-/once-1.4.0.tgz#583b1aa775961d4b113ac17d9c50baef9dd76bd1"
    dependencies:
      wrappy "1"
  
  optimist@~0.3.5:
    version "0.3.7"
    resolved "https://registry.yarnpkg.com/optimist/-/optimist-0.3.7.tgz#c90941ad59e4273328923074d2cf2e7cbc6ec0d9"
    dependencies:
      wordwrap "~0.0.2"
  
  orbit-db-cache@~0.2.4:
    version "0.2.4"
    resolved "https://registry.yarnpkg.com/orbit-db-cache/-/orbit-db-cache-0.2.4.tgz#0c4defe2b581dce4dd3f1cd7d4e06087fae52e19"
    dependencies:
      level-js "~3.0.0"
      leveldown "~3.0.2"
      logplease "^1.2.14"
      mkdirp "^0.5.1"
  
  orbit-db-counterstore@~1.4.0:
    version "1.4.0"
    resolved "https://registry.yarnpkg.com/orbit-db-counterstore/-/orbit-db-counterstore-1.4.0.tgz#3f900b26341df62431ef66aceaef5ae58b0aadad"
    dependencies:
      crdts "~0.1.2"
      orbit-db-store "~2.5.0"
  
  orbit-db-docstore@~1.4.3:
    version "1.4.3"
    resolved "https://registry.yarnpkg.com/orbit-db-docstore/-/orbit-db-docstore-1.4.3.tgz#0e802ad0d23a70f65ccb7f612be00424722253c3"
    dependencies:
      orbit-db-store "~2.5.0"
      p-map "~1.1.1"
  
  orbit-db-eventstore@~1.4.0:
    version "1.4.0"
    resolved "https://registry.yarnpkg.com/orbit-db-eventstore/-/orbit-db-eventstore-1.4.0.tgz#b4e4cca623d8652117ec361b9f7193f9c419eb7d"
    dependencies:
      orbit-db-store "~2.5.0"
  
  orbit-db-feedstore@~1.4.0:
    version "1.4.0"
    resolved "https://registry.yarnpkg.com/orbit-db-feedstore/-/orbit-db-feedstore-1.4.0.tgz#877351bf7e36939862a0111955c68cec80df5525"
    dependencies:
      orbit-db-eventstore "~1.4.0"
  
  orbit-db-keystore@~0.1.0:
    version "0.1.0"
    resolved "https://registry.yarnpkg.com/orbit-db-keystore/-/orbit-db-keystore-0.1.0.tgz#fb2bb89d015a166e947cebb12dda39eafc80f46f"
    dependencies:
      elliptic "^6.4.0"
      mkdirp "^0.5.1"
      node-localstorage "^1.3.0"
  
  orbit-db-kvstore@~1.4.0:
    version "1.4.0"
    resolved "https://registry.yarnpkg.com/orbit-db-kvstore/-/orbit-db-kvstore-1.4.0.tgz#d0287e3b1fc8465b295659cbd91942eb2e890d25"
    dependencies:
      orbit-db-store "~2.5.0"
  
  orbit-db-pubsub@~0.5.5:
    version "0.5.5"
    resolved "https://registry.yarnpkg.com/orbit-db-pubsub/-/orbit-db-pubsub-0.5.5.tgz#7d6d153b700e4b4396266a0ec354212717f28ee6"
    dependencies:
      ipfs-pubsub-peer-monitor "~0.0.5"
      logplease "~1.2.14"
      p-series "^1.1.0"
  
  orbit-db-store@~2.5.0, orbit-db-store@~2.5.3:
    version "2.5.3"
    resolved "https://registry.yarnpkg.com/orbit-db-store/-/orbit-db-store-2.5.3.tgz#e13ad350a57faf153ae6621cdddecb5a6b3e528b"
    dependencies:
      ipfs-log "~4.1.0"
      logplease "^1.2.14"
      p-each-series "^1.0.0"
      readable-stream "~2.3.5"
  
  orbit-db@^0.19.9:
    version "0.19.9"
    resolved "https://registry.yarnpkg.com/orbit-db/-/orbit-db-0.19.9.tgz#839871d77d426244b2fc6a1ceb46a7585f061b1c"
    dependencies:
      ipfs-pubsub-1on1 "~0.0.4"
      logplease "^1.2.14"
      multihashes "^0.4.12"
      orbit-db-cache "~0.2.4"
      orbit-db-counterstore "~1.4.0"
      orbit-db-docstore "~1.4.3"
      orbit-db-eventstore "~1.4.0"
      orbit-db-feedstore "~1.4.0"
      orbit-db-keystore "~0.1.0"
      orbit-db-kvstore "~1.4.0"
      orbit-db-pubsub "~0.5.5"
      orbit-db-store "~2.5.3"
  
  os-homedir@^1.0.1:
    version "1.0.2"
    resolved "https://registry.yarnpkg.com/os-homedir/-/os-homedir-1.0.2.tgz#ffbc4988336e0e833de0c168c7ef152121aa7fb3"
  
  p-each-series@^1.0.0:
    version "1.0.0"
    resolved "https://registry.yarnpkg.com/p-each-series/-/p-each-series-1.0.0.tgz#930f3d12dd1f50e7434457a22cd6f04ac6ad7f71"
    dependencies:
      p-reduce "^1.0.0"
  
  p-forever@^1.0.1:
    version "1.0.1"
    resolved "https://registry.yarnpkg.com/p-forever/-/p-forever-1.0.1.tgz#d8da0e9f88b3929e51596c2f8aa50cf2f1ad06ab"
  
  p-map@^1.1.1:
    version "1.2.0"
    resolved "https://registry.yarnpkg.com/p-map/-/p-map-1.2.0.tgz#e4e94f311eabbc8633a1e79908165fca26241b6b"
  
  p-map@~1.1.1:
    version "1.1.1"
    resolved "https://registry.yarnpkg.com/p-map/-/p-map-1.1.1.tgz#05f5e4ae97a068371bc2a5cc86bfbdbc19c4ae7a"
  
  p-reduce@^1.0.0:
    version "1.0.0"
    resolved "https://registry.yarnpkg.com/p-reduce/-/p-reduce-1.0.0.tgz#18c2b0dd936a4690a529f8231f58a0fdb6a47dfa"
  
  p-series@^1.1.0:
    version "1.1.0"
    resolved "https://registry.yarnpkg.com/p-series/-/p-series-1.1.0.tgz#f2d8522cdfd58b464eb9685651d465037ee3c957"
    dependencies:
      "@sindresorhus/is" "^0.7.0"
      p-reduce "^1.0.0"
  
  p-whilst@^1.0.0:
    version "1.0.0"
    resolved "https://registry.yarnpkg.com/p-whilst/-/p-whilst-1.0.0.tgz#54668ead7f934799fc00f1e5230fd6addeb8e7e6"
  
  path-is-absolute@^1.0.0:
    version "1.0.1"
    resolved "https://registry.yarnpkg.com/path-is-absolute/-/path-is-absolute-1.0.1.tgz#174b9268735534ffbc7ace6bf53a5a9e1b5c5f5f"
  
  peer-id@~0.10.7:
    version "0.10.7"
    resolved "https://registry.yarnpkg.com/peer-id/-/peer-id-0.10.7.tgz#6c12634636fc90a0e7bc76360c95f73564461fdd"
    dependencies:
      async "^2.6.0"
      libp2p-crypto "~0.12.1"
      lodash "^4.17.5"
      multihashes "~0.4.13"
  
  peer-id@~0.11.0:
    version "0.11.0"
    resolved "https://registry.yarnpkg.com/peer-id/-/peer-id-0.11.0.tgz#71bd3fad8fed00e1e0868e5861c79de46ceb3788"
    dependencies:
      async "^2.6.1"
      libp2p-crypto "~0.13.0"
      lodash "^4.17.10"
      multihashes "~0.4.13"
  
  peer-info@~0.14.1:
    version "0.14.1"
    resolved "https://registry.yarnpkg.com/peer-info/-/peer-info-0.14.1.tgz#ac5aec421e9965f7b0e7576d717941bb25676134"
    dependencies:
      lodash.uniqby "^4.7.0"
      mafmt "^6.0.0"
      multiaddr "^4.0.0"
      peer-id "~0.10.7"
  
  pem-jwk@^1.5.1:
    version "1.5.1"
    resolved "https://registry.yarnpkg.com/pem-jwk/-/pem-jwk-1.5.1.tgz#7a8637fd2f67a827e57c0c42e1c23c3fd52cfb01"
    dependencies:
      asn1.js "1.0.3"
  
  pez@4.x.x:
    version "4.0.2"
    resolved "https://registry.yarnpkg.com/pez/-/pez-4.0.2.tgz#0a7c81b64968e90b0e9562b398f390939e9c4b53"
    dependencies:
      b64 "4.x.x"
      boom "7.x.x"
      content "4.x.x"
      hoek "5.x.x"
      nigel "3.x.x"
  
  podium@3.x.x:
    version "3.1.2"
    resolved "https://registry.yarnpkg.com/podium/-/podium-3.1.2.tgz#b701429739cf6bdde6b3015ae6b48d400817ce9e"
    dependencies:
      hoek "5.x.x"
      joi "13.x.x"
  
  prebuild-install@^4.0.0:
    version "4.0.0"
    resolved "https://registry.yarnpkg.com/prebuild-install/-/prebuild-install-4.0.0.tgz#206ce8106ce5efa4b6cf062fc8a0a7d93c17f3a8"
    dependencies:
      detect-libc "^1.0.3"
      expand-template "^1.0.2"
      github-from-package "0.0.0"
      minimist "^1.2.0"
      mkdirp "^0.5.1"
      node-abi "^2.2.0"
      noop-logger "^0.1.1"
      npmlog "^4.0.1"
      os-homedir "^1.0.1"
      pump "^2.0.1"
      rc "^1.1.6"
      simple-get "^2.7.0"
      tar-fs "^1.13.0"
      tunnel-agent "^0.6.0"
      which-pm-runs "^1.0.0"
  
  process-nextick-args@~2.0.0:
    version "2.0.0"
    resolved "https://registry.yarnpkg.com/process-nextick-args/-/process-nextick-args-2.0.0.tgz#a37d732f4271b4ab1ad070d35508e8290788ffaa"
  
  promise@~1.3.0:
    version "1.3.0"
    resolved "https://registry.yarnpkg.com/promise/-/promise-1.3.0.tgz#e5cc9a4c8278e4664ffedc01c7da84842b040175"
    dependencies:
      is-promise "~1"
  
  promisify-es6@^1.0.3:
    version "1.0.3"
    resolved "https://registry.yarnpkg.com/promisify-es6/-/promisify-es6-1.0.3.tgz#b012668c4df3c965ce13daac2b3a4d1726a96346"
  
  protocol-buffers-schema@^3.3.1:
    version "3.3.2"
    resolved "https://registry.yarnpkg.com/protocol-buffers-schema/-/protocol-buffers-schema-3.3.2.tgz#00434f608b4e8df54c59e070efeefc37fb4bb859"
  
  protons@^1.0.0, protons@^1.0.1:
    version "1.0.1"
    resolved "https://registry.yarnpkg.com/protons/-/protons-1.0.1.tgz#1c107144c07fc2d1cb8b6cb76451e6a938237676"
    dependencies:
      protocol-buffers-schema "^3.3.1"
      safe-buffer "^5.1.1"
      signed-varint "^2.0.1"
      varint "^5.0.0"
  
  pseudomap@^1.0.2:
    version "1.0.2"
    resolved "https://registry.yarnpkg.com/pseudomap/-/pseudomap-1.0.2.tgz#f052a28da70e618917ef0a8ac34c1ae5a68286b3"
  
  pull-defer@~0.2.2:
    version "0.2.3"
    resolved "https://registry.yarnpkg.com/pull-defer/-/pull-defer-0.2.3.tgz#4ee09c6d9e227bede9938db80391c3dac489d113"
  
  pull-pushable@^2.2.0:
    version "2.2.0"
    resolved "https://registry.yarnpkg.com/pull-pushable/-/pull-pushable-2.2.0.tgz#5f2f3aed47ad86919f01b12a2e99d6f1bd776581"
  
  pull-stream-to-stream@^1.3.4:
    version "1.3.4"
    resolved "https://registry.yarnpkg.com/pull-stream-to-stream/-/pull-stream-to-stream-1.3.4.tgz#3f81d8216bd18d2bfd1a198190471180e2738399"
  
  pull-stream@^3.2.3, pull-stream@^3.6.8:
    version "3.6.9"
    resolved "https://registry.yarnpkg.com/pull-stream/-/pull-stream-3.6.9.tgz#c774724cd63bc0984c3695f74c819aa02e977320"
  
  pull-traverse@^1.0.3:
    version "1.0.3"
    resolved "https://registry.yarnpkg.com/pull-traverse/-/pull-traverse-1.0.3.tgz#74fb5d7be7fa6bd7a78e97933e199b7945866938"
  
  pump@^1.0.0:
    version "1.0.3"
    resolved "https://registry.yarnpkg.com/pump/-/pump-1.0.3.tgz#5dfe8311c33bbf6fc18261f9f34702c47c08a954"
    dependencies:
      end-of-stream "^1.1.0"
      once "^1.3.1"
  
  pump@^2.0.1:
    version "2.0.1"
    resolved "https://registry.yarnpkg.com/pump/-/pump-2.0.1.tgz#12399add6e4cf7526d973cbc8b5ce2e2908b3909"
    dependencies:
      end-of-stream "^1.1.0"
      once "^1.3.1"
  
  pump@^3.0.0:
    version "3.0.0"
    resolved "https://registry.yarnpkg.com/pump/-/pump-3.0.0.tgz#b4a2116815bde2f4e1ea602354e8c75565107a64"
    dependencies:
      end-of-stream "^1.1.0"
      once "^1.3.1"
  
  punycode@2.x.x:
    version "2.1.1"
    resolved "https://registry.yarnpkg.com/punycode/-/punycode-2.1.1.tgz#b58b010ac40c22c5657616c8d2c2c02c7bf479ec"
  
  qs@^6.5.2:
    version "6.5.2"
    resolved "https://registry.yarnpkg.com/qs/-/qs-6.5.2.tgz#cb3ae806e8740444584ef154ce8ee98d403f3e36"
  
  rc@^1.1.6:
    version "1.2.8"
    resolved "https://registry.yarnpkg.com/rc/-/rc-1.2.8.tgz#cd924bf5200a075b83c188cd6b9e211b7fc0d3ed"
    dependencies:
      deep-extend "^0.6.0"
      ini "~1.3.0"
      minimist "^1.2.0"
      strip-json-comments "~2.0.1"
  
  readable-stream@^2.0.6, readable-stream@^2.1.5, readable-stream@^2.2.2, readable-stream@^2.3.0, readable-stream@^2.3.5, readable-stream@^2.3.6, readable-stream@~2.3.5:
    version "2.3.6"
    resolved "https://registry.yarnpkg.com/readable-stream/-/readable-stream-2.3.6.tgz#b11c27d88b8ff1fbe070643cf94b0c79ae1b0aaf"
    dependencies:
      core-util-is "~1.0.0"
      inherits "~2.0.3"
      isarray "~1.0.0"
      process-nextick-args "~2.0.0"
      safe-buffer "~5.1.1"
      string_decoder "~1.1.1"
      util-deprecate "~1.0.1"
  
  ripemd160@^2.0.0, ripemd160@^2.0.1:
    version "2.0.2"
    resolved "https://registry.yarnpkg.com/ripemd160/-/ripemd160-2.0.2.tgz#a1c1a6f624751577ba5d07914cbc92850585890c"
    dependencies:
      hash-base "^3.0.0"
      inherits "^2.0.1"
  
  rsa-pem-to-jwk@^1.1.3:
    version "1.1.3"
    resolved "https://registry.yarnpkg.com/rsa-pem-to-jwk/-/rsa-pem-to-jwk-1.1.3.tgz#245e76bdb7e7234cfee7ca032d31b54c38fab98e"
    dependencies:
      object-assign "^2.0.0"
      rsa-unpack "0.0.6"
  
  rsa-unpack@0.0.6:
    version "0.0.6"
    resolved "https://registry.yarnpkg.com/rsa-unpack/-/rsa-unpack-0.0.6.tgz#f50ebd56a628378e631f297161026ce9ab4eddba"
    dependencies:
      optimist "~0.3.5"
  
  safe-buffer@^5.0.1, safe-buffer@^5.1.0, safe-buffer@^5.1.1, safe-buffer@~5.1.0, safe-buffer@~5.1.1:
    version "5.1.2"
    resolved "https://registry.yarnpkg.com/safe-buffer/-/safe-buffer-5.1.2.tgz#991ec69d296e0313747d59bdfd2b745c35f8828d"
  
  secp256k1@^3.3.0:
    version "3.5.2"
    resolved "https://registry.yarnpkg.com/secp256k1/-/secp256k1-3.5.2.tgz#f95f952057310722184fe9c914e6b71281f2f2ae"
    dependencies:
      bindings "^1.2.1"
      bip66 "^1.1.3"
      bn.js "^4.11.3"
      create-hash "^1.1.2"
      drbg.js "^1.0.1"
      elliptic "^6.2.3"
      nan "^2.2.1"
      safe-buffer "^5.1.0"
  
  semver@^5.4.1:
    version "5.5.1"
    resolved "https://registry.yarnpkg.com/semver/-/semver-5.5.1.tgz#7dfdd8814bdb7cabc7be0fb1d734cfb66c940477"
  
  set-blocking@~2.0.0:
    version "2.0.0"
    resolved "https://registry.yarnpkg.com/set-blocking/-/set-blocking-2.0.0.tgz#045f9782d011ae9a6803ddd382b24392b3d890f7"
  
  sha.js@^2.4.0, sha.js@^2.4.8:
    version "2.4.11"
    resolved "https://registry.yarnpkg.com/sha.js/-/sha.js-2.4.11.tgz#37a5cf0b81ecbc6943de109ba2960d1b26584ae7"
    dependencies:
      inherits "^2.0.1"
      safe-buffer "^5.0.1"
  
  shot@4.x.x:
    version "4.0.5"
    resolved "https://registry.yarnpkg.com/shot/-/shot-4.0.5.tgz#c7e7455d11d60f6b6cd3c43e15a3b431c17e5566"
    dependencies:
      hoek "5.x.x"
      joi "13.x.x"
  
  signal-exit@^3.0.0:
    version "3.0.2"
    resolved "https://registry.yarnpkg.com/signal-exit/-/signal-exit-3.0.2.tgz#b5fdc08f1287ea1178628e415e25132b73646c6d"
  
  signed-varint@^2.0.1:
    version "2.0.1"
    resolved "https://registry.yarnpkg.com/signed-varint/-/signed-varint-2.0.1.tgz#50a9989da7c98c2c61dad119bc97470ef8528129"
    dependencies:
      varint "~5.0.0"
  
  simple-concat@^1.0.0:
    version "1.0.0"
    resolved "https://registry.yarnpkg.com/simple-concat/-/simple-concat-1.0.0.tgz#7344cbb8b6e26fb27d66b2fc86f9f6d5997521c6"
  
  simple-get@^2.7.0:
    version "2.8.1"
    resolved "https://registry.yarnpkg.com/simple-get/-/simple-get-2.8.1.tgz#0e22e91d4575d87620620bc91308d57a77f44b5d"
    dependencies:
      decompress-response "^3.3.0"
      once "^1.3.1"
      simple-concat "^1.0.0"
  
  slide@^1.1.5:
    version "1.1.6"
    resolved "https://registry.yarnpkg.com/slide/-/slide-1.1.6.tgz#56eb027d65b4d2dce6cb2e2d32c4d4afc9e1d707"
  
  split2@^2.1.0:
    version "2.2.0"
    resolved "https://registry.yarnpkg.com/split2/-/split2-2.2.0.tgz#186b2575bcf83e85b7d18465756238ee4ee42493"
    dependencies:
      through2 "^2.0.2"
  
  sprintf-js@1.1.0:
    version "1.1.0"
    resolved "https://registry.yarnpkg.com/sprintf-js/-/sprintf-js-1.1.0.tgz#cffcaf702daf65ea39bb4e0fa2b299cec1a1be46"
  
  stable@~0.1.8:
    version "0.1.8"
    resolved "https://registry.yarnpkg.com/stable/-/stable-0.1.8.tgz#836eb3c8382fe2936feaf544631017ce7d47a3cf"
  
  statehood@6.x.x:
    version "6.0.6"
    resolved "https://registry.yarnpkg.com/statehood/-/statehood-6.0.6.tgz#0dbd7c50774d3f61a24e42b0673093bbc81fa5f0"
    dependencies:
      boom "7.x.x"
      bounce "1.x.x"
      cryptiles "4.x.x"
      hoek "5.x.x"
      iron "5.x.x"
      joi "13.x.x"
  
  stream-http@^2.8.3:
    version "2.8.3"
    resolved "https://registry.yarnpkg.com/stream-http/-/stream-http-2.8.3.tgz#b2d242469288a5a27ec4fe8933acf623de6514fc"
    dependencies:
      builtin-status-codes "^3.0.0"
      inherits "^2.0.1"
      readable-stream "^2.3.6"
      to-arraybuffer "^1.0.0"
      xtend "^4.0.0"
  
  stream-to-pull-stream@^1.7.2:
    version "1.7.2"
    resolved "https://registry.yarnpkg.com/stream-to-pull-stream/-/stream-to-pull-stream-1.7.2.tgz#757609ae1cebd33c7432d4afbe31ff78650b9dde"
    dependencies:
      looper "^3.0.0"
      pull-stream "^3.2.3"
  
  streamifier@~0.1.1:
    version "0.1.1"
    resolved "https://registry.yarnpkg.com/streamifier/-/streamifier-0.1.1.tgz#97e98d8fa4d105d62a2691d1dc07e820db8dfc4f"
  
  string-width@^1.0.1:
    version "1.0.2"
    resolved "https://registry.yarnpkg.com/string-width/-/string-width-1.0.2.tgz#118bdf5b8cdc51a2a7e70d211e07e2b0b9b107d3"
    dependencies:
      code-point-at "^1.0.0"
      is-fullwidth-code-point "^1.0.0"
      strip-ansi "^3.0.0"
  
  "string-width@^1.0.2 || 2":
    version "2.1.1"
    resolved "https://registry.yarnpkg.com/string-width/-/string-width-2.1.1.tgz#ab93f27a8dc13d28cac815c462143a6d9012ae9e"
    dependencies:
      is-fullwidth-code-point "^2.0.0"
      strip-ansi "^4.0.0"
  
  string_decoder@~1.1.1:
    version "1.1.1"
    resolved "https://registry.yarnpkg.com/string_decoder/-/string_decoder-1.1.1.tgz#9cf1611ba62685d7030ae9e4ba34149c3af03fc8"
    dependencies:
      safe-buffer "~5.1.0"
  
  strip-ansi@^3.0.0, strip-ansi@^3.0.1:
    version "3.0.1"
    resolved "https://registry.yarnpkg.com/strip-ansi/-/strip-ansi-3.0.1.tgz#6a385fb8853d952d5ff05d0e8aaf94278dc63dcf"
    dependencies:
      ansi-regex "^2.0.0"
  
  strip-ansi@^4.0.0:
    version "4.0.0"
    resolved "https://registry.yarnpkg.com/strip-ansi/-/strip-ansi-4.0.0.tgz#a8479022eb1ac368a871389b635262c505ee368f"
    dependencies:
      ansi-regex "^3.0.0"
  
  strip-json-comments@~2.0.1:
    version "2.0.1"
    resolved "https://registry.yarnpkg.com/strip-json-comments/-/strip-json-comments-2.0.1.tgz#3c531942e908c2697c0ec344858c286c7ca0a60a"
  
  subtext@6.x.x:
    version "6.0.7"
    resolved "https://registry.yarnpkg.com/subtext/-/subtext-6.0.7.tgz#8e40a67901a734d598142665c90e398369b885f9"
    dependencies:
      boom "7.x.x"
      content "4.x.x"
      hoek "5.x.x"
      pez "4.x.x"
      wreck "14.x.x"
  
  tar-fs@^1.13.0:
    version "1.16.3"
    resolved "https://registry.yarnpkg.com/tar-fs/-/tar-fs-1.16.3.tgz#966a628841da2c4010406a82167cbd5e0c72d509"
    dependencies:
      chownr "^1.0.1"
      mkdirp "^0.5.1"
      pump "^1.0.0"
      tar-stream "^1.1.2"
  
  tar-stream@^1.1.2, tar-stream@^1.6.1:
    version "1.6.1"
    resolved "https://registry.yarnpkg.com/tar-stream/-/tar-stream-1.6.1.tgz#f84ef1696269d6223ca48f6e1eeede3f7e81f395"
    dependencies:
      bl "^1.0.0"
      buffer-alloc "^1.1.0"
      end-of-stream "^1.0.0"
      fs-constants "^1.0.0"
      readable-stream "^2.3.0"
      to-buffer "^1.1.0"
      xtend "^4.0.0"
  
  teamwork@3.x.x:
    version "3.0.1"
    resolved "https://registry.yarnpkg.com/teamwork/-/teamwork-3.0.1.tgz#ff38c7161f41f8070b7813716eb6154036ece196"
  
  through2@^2.0.2, through2@^2.0.3:
    version "2.0.3"
    resolved "https://registry.yarnpkg.com/through2/-/through2-2.0.3.tgz#0004569b37c7c74ba39c43f3ced78d1ad94140be"
    dependencies:
      readable-stream "^2.1.5"
      xtend "~4.0.1"
  
  to-arraybuffer@^1.0.0:
    version "1.0.1"
    resolved "https://registry.yarnpkg.com/to-arraybuffer/-/to-arraybuffer-1.0.1.tgz#7d229b1fcc637e466ca081180836a7aabff83f43"
  
  to-buffer@^1.1.0:
    version "1.1.1"
    resolved "https://registry.yarnpkg.com/to-buffer/-/to-buffer-1.1.1.tgz#493bd48f62d7c43fcded313a03dcadb2e1213a80"
  
  topo@3.x.x:
    version "3.0.0"
    resolved "https://registry.yarnpkg.com/topo/-/topo-3.0.0.tgz#37e48c330efeac784538e0acd3e62ca5e231fe7a"
    dependencies:
      hoek "5.x.x"
  
  traverse@~0.6.6:
    version "0.6.6"
    resolved "https://registry.yarnpkg.com/traverse/-/traverse-0.6.6.tgz#cbdf560fd7b9af632502fed40f918c157ea97137"
  
  tunnel-agent@^0.6.0:
    version "0.6.0"
    resolved "https://registry.yarnpkg.com/tunnel-agent/-/tunnel-agent-0.6.0.tgz#27a5dea06b36b04a0a9966774b290868f0fc40fd"
    dependencies:
      safe-buffer "^5.0.1"
  
  tweetnacl@^1.0.0:
    version "1.0.0"
    resolved "https://registry.yarnpkg.com/tweetnacl/-/tweetnacl-1.0.0.tgz#713d8b818da42068740bf68386d0479e66fc8a7b"
  
  typedarray-to-buffer@~3.1.5:
    version "3.1.5"
    resolved "https://registry.yarnpkg.com/typedarray-to-buffer/-/typedarray-to-buffer-3.1.5.tgz#a97ee7a9ff42691b9f783ff1bc5112fe3fca9080"
    dependencies:
      is-typedarray "^1.0.0"
  
  typedarray@^0.0.6:
    version "0.0.6"
    resolved "https://registry.yarnpkg.com/typedarray/-/typedarray-0.0.6.tgz#867ac74e3864187b1d3d47d996a78ec5c8830777"
  
  util-deprecate@~1.0.1:
    version "1.0.2"
    resolved "https://registry.yarnpkg.com/util-deprecate/-/util-deprecate-1.0.2.tgz#450d4dc9fa70de732762fbd2d4a28981419a0ccf"
  
  varint@^5.0.0, varint@~5.0.0:
    version "5.0.0"
    resolved "https://registry.yarnpkg.com/varint/-/varint-5.0.0.tgz#d826b89f7490732fabc0c0ed693ed475dcb29ebf"
  
  vise@3.x.x:
    version "3.0.0"
    resolved "https://registry.yarnpkg.com/vise/-/vise-3.0.0.tgz#76ad14ab31669c50fbb0817bc0e72fedcbb3bf4c"
    dependencies:
      hoek "5.x.x"
  
  "webcrypto-shim@github:dignifiedquire/webcrypto-shim#master":
    version "0.1.1"
    resolved "https://codeload.github.com/dignifiedquire/webcrypto-shim/tar.gz/190bc9ec341375df6025b17ae12ddb2428ea49c8"
  
  which-pm-runs@^1.0.0:
    version "1.0.0"
    resolved "https://registry.yarnpkg.com/which-pm-runs/-/which-pm-runs-1.0.0.tgz#670b3afbc552e0b55df6b7780ca74615f23ad1cb"
  
  wide-align@^1.1.0:
    version "1.1.3"
    resolved "https://registry.yarnpkg.com/wide-align/-/wide-align-1.1.3.tgz#ae074e6bdc0c14a431e804e624549c633b000457"
    dependencies:
      string-width "^1.0.2 || 2"
  
  wordwrap@~0.0.2:
    version "0.0.3"
    resolved "https://registry.yarnpkg.com/wordwrap/-/wordwrap-0.0.3.tgz#a3d5da6cd5c0bc0008d37234bbaf1bed63059107"
  
  wrappy@1:
    version "1.0.2"
    resolved "https://registry.yarnpkg.com/wrappy/-/wrappy-1.0.2.tgz#b5243d8f3ec1aa35f1364605bc0d1036e30ab69f"
  
  wreck@14.x.x:
    version "14.1.0"
    resolved "https://registry.yarnpkg.com/wreck/-/wreck-14.1.0.tgz#b13e526b6a8318e5ebc6969c0b21075c06337067"
    dependencies:
      boom "7.x.x"
      hoek "5.x.x"
  
  write-file-atomic@^1.1.4:
    version "1.3.4"
    resolved "https://registry.yarnpkg.com/write-file-atomic/-/write-file-atomic-1.3.4.tgz#f807a4f0b1d9e913ae7a48112e6cc3af1991b45f"
    dependencies:
      graceful-fs "^4.1.11"
      imurmurhash "^0.1.4"
      slide "^1.1.5"
  
  xtend@^4.0.0, xtend@^4.0.1, xtend@~4.0.0, xtend@~4.0.1:
    version "4.0.1"
    resolved "https://registry.yarnpkg.com/xtend/-/xtend-4.0.1.tgz#a5c6d532be656e23db820efb943a1f04998d63af"
  
  yallist@^2.1.2:
    version "2.1.2"
    resolved "https://registry.yarnpkg.com/yallist/-/yallist-2.1.2.tgz#1c11f9218f076089a47dd512f93c6699a6a81d52"
